#At time x process y state arr w total z remain y wait k 
At time  1  process 2 started arr 1 total 2 remain 2 wait 0 
At time  3  process 2 finished arr 1 total 2 remain 1 wait 0 
At time  3  process 3 started arr 2 total 1 remain 1 wait 0 
At time  4  process 3 finished arr 2 total 1 remain 1 wait 0 
At time  4  process 1 started arr 1 total 4 remain 4 wait 3 
At time  5  process 1 paused arr 1 total 4 remain 3 wait 3 
At time  5  process 4 started arr 4 total 5 remain 5 wait 1 
At time  6  process 4 paused arr 4 total 5 remain 4 wait 1 
At time  6  process 5 started arr 5 total 2 remain 2 wait 1 
At time  7  process 5 paused arr 5 total 2 remain 1 wait 1 
At time  7  process 7 started arr 6 total 4 remain 4 wait 1 
At time  8  process 7 paused arr 6 total 4 remain 3 wait 1 
At time  8  process 8 started arr 7 total 8 remain 8 wait 1 
At time  16  process 8 finished arr 7 total 8 remain 1 wait 1 
At time  16  process 7 resumed arr 6 total 4 remain 3 wait 9 
At time  19  process 7 finished arr 6 total 4 remain 1 wait 9 
At time  19  process 9 started arr 8 total 2 remain 2 wait 11 
At time  21  process 9 finished arr 8 total 2 remain 1 wait 11 
At time  21  process 10 started arr 8 total 2 remain 2 wait 13 
At time  23  process 10 finished arr 8 total 2 remain 1 wait 13 
At time  23  process 5 resumed arr 5 total 2 remain 1 wait 17 
At time  24  process 5 finished arr 5 total 2 remain 1 wait 17 
At time  24  process 6 started arr 5 total 4 remain 4 wait 19 
At time  28  process 6 finished arr 5 total 4 remain 1 wait 19 
At time  28  process 4 resumed arr 4 total 5 remain 4 wait 23 
At time  32  process 4 finished arr 4 total 5 remain 1 wait 23 
At time  32  process 1 resumed arr 1 total 4 remain 3 wait 30 
At time  35  process 1 finished arr 1 total 4 remain 1 wait 30 
